<?xml version="1.0" encoding="UTF-8"?>
<!-- Generated by org.testng.reporters.JUnitReportReporter -->
<testsuite hostname="BDC7-L-1366KZW" failures="0" tests="2" name="package1.appTest" time="0.024" errors="0" timestamp="2022-12-06T19:30:47 IST" skipped="0">
  <testcase classname="package1.appTest" name="testLogin2" time="0.001"/>
  <system-out/>
  <testcase classname="package1.appTest" name="testLogin1" time="0.023"/>
  <system-out/>
</testsuite> <!-- package1.appTest -->
