<?xml version="1.0" encoding="UTF-8"?>
<!-- Generated by org.testng.reporters.JUnitReportReporter -->
<testsuite hostname="BDC7-L-1366KZW" failures="0" tests="1" name="package1.TC1_login" time="10.286" errors="0" timestamp="2022-12-06T19:30:47 IST" skipped="0">
  <testcase classname="package1.TC1_login" name="login_test" time="10.286"/>
  <system-out/>
</testsuite> <!-- package1.TC1_login -->
